<?xml version="1.0" encoding="UTF-8"?>
<!-- Generated by org.testng.reporters.JUnitXMLReporter -->
<testsuite ignored="1" hostname="DESKTOP-TL25OI3" failures="1" tests="17" name="Test" time="39.522" errors="0" timestamp="2024-11-20T11:01:23 IST">
  <testcase classname="testngDemo.TestDemo3" name="registerTest" time="0.009"/>
  <testcase classname="testngDemo.TestDemo3" name="loginTest" time="0.001"/>
  <testcase classname="testngDemo.TestDemo3" name="loginTest" time="0.001"/>
  <testcase classname="testngDemo.TestDemo3" name="loginTest" time="0.001"/>
  <testcase classname="testngDemo.TestDemo3" name="searchTest" time="0.001"/>
  <testcase classname="testngDemo.TestDemo3" name="addToCartTest" time="0.001"/>
  <testcase classname="testngDemo.TimeOutArgument" name="testCase1" time="3.021"/>
  <testcase classname="testngDemo.TestDemo1" name="testcase1" time="0.001"/>
  <testcase classname="testngDemo.TestDemo1" name="testcase2" time="0.003"/>
  <testcase classname="testngDemo.TestDemo2" name="chromeTest" time="12.753"/>
  <testcase classname="testngDemo.TestDemo2" name="firefoxTest" time="6.298"/>
  <testcase classname="testngDemo.TestDemo2" name="edgeTest" time="17.292"/>
  <testcase classname="testngDemo.DependsOnMethodArgument" name="registerTest" time="0.008">
    <failure type="java.lang.AssertionError" message="expected:&amp;lt;false&amp;gt; but was:&amp;lt;true&amp;gt;">
      <![CDATA[java.lang.AssertionError: expected:<false> but was:<true>
at testngDemo.DependsOnMethodArgument.registerTest(DependsOnMethodArgument.java:15)
at java.base/java.util.ArrayList.forEach(ArrayList.java:1596)
... Removed 30 stack frames]]>
    </failure>
  </testcase> <!-- registerTest -->
  <testcase classname="testngDemo.DependsOnMethodArgument" name="loginTest" time="0.003"/>
  <testcase classname="testngDemo.HowToIgnoreTestFromExecution" name="registerTest" time="0.002"/>
  <testcase classname="testngDemo.HowToIgnoreTestFromExecution" name="loginTest" time="0.002"/>
  <testcase classname="testngDemo.HowToIgnoreTestFromExecution" name="searchTest" time="0.003"/>
  <testcase classname="testngDemo.HowToIgnoreTestFromExecution" name="addToCartTest" time="0.0">
    <ignored/>
  </testcase> <!-- addToCartTest -->
</testsuite> <!-- Test -->
